<?xml version="1.0" encoding="UTF-8" ?>
<testsuite tests="48" failures="1" name="TestSuite" time="0.466" errors="0" skipped="47">
  <properties>
    <property name="java.runtime.name" value="Java(TM) SE Runtime Environment"/>
    <property name="sun.boot.library.path" value="/Library/Java/JavaVirtualMachines/jdk1.8.0_101.jdk/Contents/Home/jre/lib"/>
    <property name="java.vm.version" value="25.101-b13"/>
    <property name="user.country.format" value="BD"/>
    <property name="gopherProxySet" value="false"/>
    <property name="java.vm.vendor" value="Oracle Corporation"/>
    <property name="maven.multiModuleProjectDirectory" value="/Users/sarowar/IdeaProjects/Team2-TestAutomation"/>
    <property name="java.vendor.url" value="http://java.oracle.com/"/>
    <property name="path.separator" value=":"/>
    <property name="guice.disable.misplaced.annotation.check" value="true"/>
    <property name="java.vm.name" value="Java HotSpot(TM) 64-Bit Server VM"/>
    <property name="file.encoding.pkg" value="sun.io"/>
    <property name="user.country" value="US"/>
    <property name="sun.java.launcher" value="SUN_STANDARD"/>
    <property name="sun.os.patch.level" value="unknown"/>
    <property name="java.vm.specification.name" value="Java Virtual Machine Specification"/>
    <property name="user.dir" value="/Users/sarowar/IdeaProjects/Team2-TestAutomation"/>
    <property name="java.runtime.version" value="1.8.0_101-b13"/>
    <property name="java.awt.graphicsenv" value="sun.awt.CGraphicsEnvironment"/>
    <property name="java.endorsed.dirs" value="/Library/Java/JavaVirtualMachines/jdk1.8.0_101.jdk/Contents/Home/jre/lib/endorsed"/>
    <property name="os.arch" value="x86_64"/>
    <property name="java.io.tmpdir" value="/var/folders/xz/p57cdb8n3c74bsbnnt64hycw0000gp/T/"/>
    <property name="line.separator" value="
"/>
    <property name="java.vm.specification.vendor" value="Oracle Corporation"/>
    <property name="os.name" value="Mac OS X"/>
    <property name="classworlds.conf" value="/usr/local/Cellar/maven/3.3.9/libexec/bin/m2.conf"/>
    <property name="sun.jnu.encoding" value="UTF-8"/>
    <property name="java.library.path" value="/Users/sarowar/Library/Java/Extensions:/Library/Java/Extensions:/Network/Library/Java/Extensions:/System/Library/Java/Extensions:/usr/lib/java:."/>
    <property name="java.specification.name" value="Java Platform API Specification"/>
    <property name="java.class.version" value="52.0"/>
    <property name="sun.management.compiler" value="HotSpot 64-Bit Tiered Compilers"/>
    <property name="os.version" value="10.12.2"/>
    <property name="http.nonProxyHosts" value="local|*.local|169.254/16|*.169.254/16"/>
    <property name="user.home" value="/Users/sarowar"/>
    <property name="user.timezone" value="America/New_York"/>
    <property name="java.awt.printerjob" value="sun.lwawt.macosx.CPrinterJob"/>
    <property name="java.specification.version" value="1.8"/>
    <property name="file.encoding" value="UTF-8"/>
    <property name="user.name" value="sarowar"/>
    <property name="java.class.path" value="/usr/local/Cellar/maven/3.3.9/libexec/boot/plexus-classworlds-2.5.2.jar"/>
    <property name="java.vm.specification.version" value="1.8"/>
    <property name="sun.arch.data.model" value="64"/>
    <property name="java.home" value="/Library/Java/JavaVirtualMachines/jdk1.8.0_101.jdk/Contents/Home/jre"/>
    <property name="sun.java.command" value="org.codehaus.plexus.classworlds.launcher.Launcher test"/>
    <property name="java.specification.vendor" value="Oracle Corporation"/>
    <property name="user.language" value="en"/>
    <property name="awt.toolkit" value="sun.lwawt.macosx.LWCToolkit"/>
    <property name="java.vm.info" value="mixed mode"/>
    <property name="java.version" value="1.8.0_101"/>
    <property name="java.ext.dirs" value="/Users/sarowar/Library/Java/Extensions:/Library/Java/JavaVirtualMachines/jdk1.8.0_101.jdk/Contents/Home/jre/lib/ext:/Library/Java/Extensions:/Network/Library/Java/Extensions:/System/Library/Java/Extensions:/usr/lib/java"/>
    <property name="sun.boot.class.path" value="/Library/Java/JavaVirtualMachines/jdk1.8.0_101.jdk/Contents/Home/jre/lib/resources.jar:/Library/Java/JavaVirtualMachines/jdk1.8.0_101.jdk/Contents/Home/jre/lib/rt.jar:/Library/Java/JavaVirtualMachines/jdk1.8.0_101.jdk/Contents/Home/jre/lib/sunrsasign.jar:/Library/Java/JavaVirtualMachines/jdk1.8.0_101.jdk/Contents/Home/jre/lib/jsse.jar:/Library/Java/JavaVirtualMachines/jdk1.8.0_101.jdk/Contents/Home/jre/lib/jce.jar:/Library/Java/JavaVirtualMachines/jdk1.8.0_101.jdk/Contents/Home/jre/lib/charsets.jar:/Library/Java/JavaVirtualMachines/jdk1.8.0_101.jdk/Contents/Home/jre/lib/jfr.jar:/Library/Java/JavaVirtualMachines/jdk1.8.0_101.jdk/Contents/Home/jre/classes"/>
    <property name="java.vendor" value="Oracle Corporation"/>
    <property name="maven.home" value="/usr/local/Cellar/maven/3.3.9/libexec"/>
    <property name="file.separator" value="/"/>
    <property name="java.vendor.url.bug" value="http://bugreport.sun.com/bugreport/"/>
    <property name="sun.cpu.endian" value="little"/>
    <property name="sun.io.unicode.encoding" value="UnicodeBig"/>
    <property name="socksNonProxyHosts" value="local|*.local|169.254/16|*.169.254/16"/>
    <property name="ftp.nonProxyHosts" value="local|*.local|169.254/16|*.169.254/16"/>
    <property name="sun.cpu.isalist" value=""/>
  </properties>
  <testcase classname="Home.TestNbaHomePage" name="setUp" time="0.431">
    <failure type="java.lang.NullPointerException">java.lang.NullPointerException
	at Base.CommonAPI.setUp(CommonAPI.java:51)
	at sun.reflect.NativeMethodAccessorImpl.invoke0(Native Method)
	at sun.reflect.NativeMethodAccessorImpl.invoke(NativeMethodAccessorImpl.java:62)
	at sun.reflect.DelegatingMethodAccessorImpl.invoke(DelegatingMethodAccessorImpl.java:43)
	at java.lang.reflect.Method.invoke(Method.java:498)
	at org.testng.internal.MethodInvocationHelper.invokeMethod(MethodInvocationHelper.java:104)
	at org.testng.internal.Invoker.invokeConfigurationMethod(Invoker.java:515)
	at org.testng.internal.Invoker.invokeConfigurations(Invoker.java:217)
	at org.testng.internal.Invoker.invokeMethod(Invoker.java:590)
	at org.testng.internal.Invoker.invokeTestMethod(Invoker.java:851)
	at org.testng.internal.Invoker.invokeTestMethods(Invoker.java:1177)
	at org.testng.internal.TestMethodWorker.invokeTestMethods(TestMethodWorker.java:129)
	at org.testng.internal.TestMethodWorker.run(TestMethodWorker.java:112)
	at org.testng.TestRunner.privateRun(TestRunner.java:756)
	at org.testng.TestRunner.run(TestRunner.java:610)
	at org.testng.SuiteRunner.runTest(SuiteRunner.java:387)
	at org.testng.SuiteRunner.runSequentially(SuiteRunner.java:382)
	at org.testng.SuiteRunner.privateRun(SuiteRunner.java:340)
	at org.testng.SuiteRunner.run(SuiteRunner.java:289)
	at org.testng.SuiteRunnerWorker.runSuite(SuiteRunnerWorker.java:52)
	at org.testng.SuiteRunnerWorker.run(SuiteRunnerWorker.java:86)
	at org.testng.TestNG.runSuitesSequentially(TestNG.java:1293)
	at org.testng.TestNG.runSuitesLocally(TestNG.java:1218)
	at org.testng.TestNG.runSuites(TestNG.java:1133)
	at org.testng.TestNG.run(TestNG.java:1104)
	at org.apache.maven.surefire.testng.TestNGExecutor.run(TestNGExecutor.java:77)
	at org.apache.maven.surefire.testng.TestNGDirectoryTestSuite.executeMulti(TestNGDirectoryTestSuite.java:159)
	at org.apache.maven.surefire.testng.TestNGDirectoryTestSuite.execute(TestNGDirectoryTestSuite.java:99)
	at org.apache.maven.surefire.testng.TestNGProvider.invoke(TestNGProvider.java:106)
	at sun.reflect.NativeMethodAccessorImpl.invoke0(Native Method)
	at sun.reflect.NativeMethodAccessorImpl.invoke(NativeMethodAccessorImpl.java:62)
	at sun.reflect.DelegatingMethodAccessorImpl.invoke(DelegatingMethodAccessorImpl.java:43)
	at java.lang.reflect.Method.invoke(Method.java:498)
	at org.apache.maven.surefire.util.ReflectionUtils.invokeMethodWithArray(ReflectionUtils.java:189)
	at org.apache.maven.surefire.booter.ProviderFactory$ProviderProxy.invoke(ProviderFactory.java:165)
	at org.apache.maven.surefire.booter.ProviderFactory.invokeProvider(ProviderFactory.java:85)
	at org.apache.maven.surefire.booter.ForkedBooter.runSuitesInProcess(ForkedBooter.java:115)
	at org.apache.maven.surefire.booter.ForkedBooter.main(ForkedBooter.java:75)
</failure>
    <system-out>Configuring TestNG with: org.apache.maven.surefire.testng.conf.TestNG652Configurator@3b192d32
</system-out>
  </testcase>
  <testcase classname="Home.TestNbaHomePage" name="testGamePage" time="0">
    <skipped/>
  </testcase>
  <testcase classname="Home.TestNbaHomePage" name="tearDown" time="0">
    <skipped/>
  </testcase>
  <testcase classname="Login.TestLogIn" name="setUp" time="0.002">
    <skipped/>
  </testcase>
  <testcase classname="Login.TestLogIn" name="testValidEmailAndValidPassword" time="0">
    <skipped/>
  </testcase>
  <testcase classname="Login.TestLogIn" name="tearDown" time="0">
    <skipped/>
  </testcase>
  <testcase classname="NBAStatsPage.TestNBAStats" name="setUp" time="0.001">
    <skipped/>
  </testcase>
  <testcase classname="NBAStatsPage.TestNBAStats" name="testNBAPointsPage" time="0">
    <skipped/>
  </testcase>
  <testcase classname="NBAStatsPage.TestNBAStats" name="tearDown" time="0.001">
    <skipped/>
  </testcase>
  <testcase classname="Register.TestRegister" name="setUp" time="0.001">
    <skipped/>
  </testcase>
  <testcase classname="Register.TestRegister" name="testNBARegistrarWithValidCredentials" time="0">
    <skipped/>
  </testcase>
  <testcase classname="Register.TestRegister" name="tearDown" time="0">
    <skipped/>
  </testcase>
  <testcase classname="Home.TestNbaHomePage" name="setUp" time="0.001">
    <skipped/>
  </testcase>
  <testcase classname="Home.TestNbaHomePage" name="testTopStoriesPage" time="0.001">
    <skipped/>
  </testcase>
  <testcase classname="Home.TestNbaHomePage" name="tearDown" time="0.001">
    <skipped/>
  </testcase>
  <testcase classname="Login.TestLogIn" name="setUp" time="0.003">
    <skipped/>
  </testcase>
  <testcase classname="Login.TestLogIn" name="testInValidEmailAndPassword" time="0">
    <skipped/>
  </testcase>
  <testcase classname="Login.TestLogIn" name="tearDown" time="0">
    <skipped/>
  </testcase>
  <testcase classname="NBAStatsPage.TestNBAStats" name="setUp" time="0.001">
    <skipped/>
  </testcase>
  <testcase classname="NBAStatsPage.TestNBAStats" name="testNbaReboundsPage" time="0">
    <skipped/>
  </testcase>
  <testcase classname="NBAStatsPage.TestNBAStats" name="tearDown" time="0.001">
    <skipped/>
  </testcase>
  <testcase classname="Register.TestRegister" name="setUp" time="0.001">
    <skipped/>
  </testcase>
  <testcase classname="Register.TestRegister" name="testRegistrarWithInValidCredentials" time="0">
    <skipped/>
  </testcase>
  <testcase classname="Register.TestRegister" name="tearDown" time="0">
    <skipped/>
  </testcase>
  <testcase classname="Home.TestNbaHomePage" name="setUp" time="0.001">
    <skipped/>
  </testcase>
  <testcase classname="Home.TestNbaHomePage" name="testStandingPage" time="0">
    <skipped/>
  </testcase>
  <testcase classname="Home.TestNbaHomePage" name="tearDown" time="0">
    <skipped/>
  </testcase>
  <testcase classname="Login.TestLogIn" name="setUp" time="0.001">
    <skipped/>
  </testcase>
  <testcase classname="Login.TestLogIn" name="testValidEmailAndInValidPassword" time="0.001">
    <skipped/>
  </testcase>
  <testcase classname="Login.TestLogIn" name="tearDown" time="0.001">
    <skipped/>
  </testcase>
  <testcase classname="NBAStatsPage.TestNBAStats" name="setUp" time="0.001">
    <skipped/>
  </testcase>
  <testcase classname="NBAStatsPage.TestNBAStats" name="testNbaAssistPage" time="0.001">
    <skipped/>
  </testcase>
  <testcase classname="NBAStatsPage.TestNBAStats" name="tearDown" time="0.001">
    <skipped/>
  </testcase>
  <testcase classname="Home.TestNbaHomePage" name="setUp" time="0.002">
    <skipped/>
  </testcase>
  <testcase classname="Home.TestNbaHomePage" name="testStatsPage" time="0">
    <skipped/>
  </testcase>
  <testcase classname="Home.TestNbaHomePage" name="tearDown" time="0.001">
    <skipped/>
  </testcase>
  <testcase classname="Login.TestLogIn" name="setUp" time="0.001">
    <skipped/>
  </testcase>
  <testcase classname="Login.TestLogIn" name="testInValidEmailAndValidPassword" time="0.001">
    <skipped/>
  </testcase>
  <testcase classname="Login.TestLogIn" name="tearDown" time="0.001">
    <skipped/>
  </testcase>
  <testcase classname="NBAStatsPage.TestNBAStats" name="setUp" time="0.002">
    <skipped/>
  </testcase>
  <testcase classname="NBAStatsPage.TestNBAStats" name="testNbaBlocksPage" time="0">
    <skipped/>
  </testcase>
  <testcase classname="NBAStatsPage.TestNBAStats" name="tearDown" time="0">
    <skipped/>
  </testcase>
  <testcase classname="Home.TestNbaHomePage" name="setUp" time="0.001">
    <skipped/>
  </testcase>
  <testcase classname="Home.TestNbaHomePage" name="testPlayersPage" time="0.001">
    <skipped/>
  </testcase>
  <testcase classname="Home.TestNbaHomePage" name="tearDown" time="0.001">
    <skipped/>
  </testcase>
  <testcase classname="Home.TestNbaHomePage" name="setUp" time="0.002">
    <skipped/>
  </testcase>
  <testcase classname="Home.TestNbaHomePage" name="testTeamPage" time="0">
    <skipped/>
  </testcase>
  <testcase classname="Home.TestNbaHomePage" name="tearDown" time="0.001">
    <skipped/>
  </testcase>
</testsuite>