<?xml version="1.0" encoding="UTF-8"?>
<!-- Generated by org.testng.reporters.JUnitReportReporter -->
<testsuite name="Register.TestRegister" tests="2" time="0.002" ignored="0" failures="0" timestamp="26 Jan 2017 22:43:17 GMT" skipped="2" hostname="Sarowars-MBP.home" errors="0">
  <testcase name="testRegistrarWithInValidCredentials" time="0.001" classname="Register.TestRegister">
    <skipped/>
  </testcase> <!-- testRegistrarWithInValidCredentials -->
  <testcase name="testNBARegistrarWithValidCredentials" time="0.001" classname="Register.TestRegister">
    <skipped/>
  </testcase> <!-- testNBARegistrarWithValidCredentials -->
</testsuite> <!-- Register.TestRegister -->
