<?xml version="1.0" encoding="UTF-8"?>
<!-- Generated by org.testng.reporters.JUnitReportReporter -->
<testsuite name="NBAStatsPage.TestNBAStats" tests="4" time="0.001" ignored="0" failures="0" timestamp="26 Jan 2017 22:43:17 GMT" skipped="4" hostname="Sarowars-MBP.home" errors="0">
  <testcase name="testNBAPointsPage" time="0.000" classname="NBAStatsPage.TestNBAStats">
    <skipped/>
  </testcase> <!-- testNBAPointsPage -->
  <testcase name="testNbaReboundsPage" time="0.000" classname="NBAStatsPage.TestNBAStats">
    <skipped/>
  </testcase> <!-- testNbaReboundsPage -->
  <testcase name="testNbaBlocksPage" time="0.001" classname="NBAStatsPage.TestNBAStats">
    <skipped/>
  </testcase> <!-- testNbaBlocksPage -->
  <testcase name="testNbaAssistPage" time="0.000" classname="NBAStatsPage.TestNBAStats">
    <skipped/>
  </testcase> <!-- testNbaAssistPage -->
</testsuite> <!-- NBAStatsPage.TestNBAStats -->
