<?xml version="1.0" encoding="UTF-8"?>
<!-- Generated by org.testng.reporters.JUnitReportReporter -->
<testsuite name="Login.TestLogIn" tests="4" time="0.001" ignored="0" failures="0" timestamp="26 Jan 2017 22:43:17 GMT" skipped="4" hostname="Sarowars-MBP.home" errors="0">
  <testcase name="testInValidEmailAndValidPassword" time="0.000" classname="Login.TestLogIn">
    <skipped/>
  </testcase> <!-- testInValidEmailAndValidPassword -->
  <testcase name="testValidEmailAndInValidPassword" time="0.000" classname="Login.TestLogIn">
    <skipped/>
  </testcase> <!-- testValidEmailAndInValidPassword -->
  <testcase name="testValidEmailAndValidPassword" time="0.000" classname="Login.TestLogIn">
    <skipped/>
  </testcase> <!-- testValidEmailAndValidPassword -->
  <testcase name="testInValidEmailAndPassword" time="0.001" classname="Login.TestLogIn">
    <skipped/>
  </testcase> <!-- testInValidEmailAndPassword -->
</testsuite> <!-- Login.TestLogIn -->
