<?xml version="1.0" encoding="UTF-8"?>
<!-- Generated by org.testng.reporters.JUnitReportReporter -->
<testsuite name="SearchItems.TestSearchByExcel" tests="1" time="212.544" ignored="0" failures="0" timestamp="28 Jan 2017 18:03:42 GMT" skipped="0" hostname="Sarowars-MacBook-Pro.local" errors="0">
  <testcase name="search" time="212.544" classname="SearchItems.TestSearchByExcel"/>
</testsuite> <!-- SearchItems.TestSearchByExcel -->
