<?xml version="1.0" encoding="UTF-8"?>
<!-- Generated by org.testng.reporters.JUnitReportReporter -->
<testsuite name="SearchItems.TestSearchByDB" tests="1" time="38.579" ignored="0" failures="0" timestamp="29 Jan 2017 03:08:20 GMT" skipped="0" hostname="Sarowars-MBP.home" errors="0">
  <testcase name="searchUsingDB" time="38.579" classname="SearchItems.TestSearchByDB"/>
</testsuite> <!-- SearchItems.TestSearchByDB -->
